#
# There is insufficient memory for the Java Runtime Environment to continue.
# Native memory allocation (malloc) failed to allocate 1048576 bytes for AllocateHeap
# Possible reasons:
#   The system is out of physical RAM or swap space
#   In 32 bit mode, the process size limit was hit
# Possible solutions:
#   Reduce memory load on the system
#   Increase physical memory or swap space
#   Check if swap backing store is full
#   Use 64 bit Java on a 64 bit OS
#   Decrease Java heap size (-Xmx/-Xms)
#   Decrease number of Java threads
#   Decrease Java thread stack sizes (-Xss)
#   Set larger code cache with -XX:ReservedCodeCacheSize=
# This output file may be truncated or incomplete.
#
#  Out of Memory Error (memory/allocation.inline.hpp:61), pid=12964, tid=0x000000000000368c
#
# JRE version:  (8.0_161-b12) (build )
# Java VM: Java HotSpot(TM) 64-Bit Server VM (25.161-b12 mixed mode windows-amd64 compressed oops)
# Failed to write core dump. Minidumps are not enabled by default on client versions of Windows
#

---------------  T H R E A D  ---------------

Current thread (0x0000000002a6d800):  JavaThread "Unknown thread" [_thread_in_vm, id=13964, stack(0x0000000002a70000,0x0000000002b70000)]

Stack: [0x0000000002a70000,0x0000000002b70000]
[error occurred during error reporting (printing stack bounds), id 0xc0000005]

Native frames: (J=compiled Java code, j=interpreted, Vv=VM code, C=native code)


---------------  P R O C E S S  ---------------

Java Threads: ( => current thread )

Other Threads:

=>0x0000000002a6d800 (exited) JavaThread "Unknown thread" [_thread_in_vm, id=13964, stack(0x0000000002a70000,0x0000000002b70000)]

VM state:not at safepoint (normal execution)

VM Mutex/Monitor currently owned by a thread: None

Heap:
 PSYoungGen      total 38400K, used 665K [0x00000000d5f80000, 0x00000000d8a00000, 0x0000000100000000)
  eden space 33280K, 2% used [0x00000000d5f80000,0x00000000d6026670,0x00000000d8000000)
  from space 5120K, 0% used [0x00000000d8500000,0x00000000d8500000,0x00000000d8a00000)
  to   space 5120K, 0% used [0x00000000d8000000,0x00000000d8000000,0x00000000d8500000)
 ParOldGen       total 87552K, used 0K [0x0000000081e00000, 0x0000000087380000, 0x00000000d5f80000)
  object space 87552K, 0% used [0x0000000081e00000,0x0000000081e00000,0x0000000087380000)
 Metaspace       used 770K, capacity 4480K, committed 4480K, reserved 1056768K
  class space    used 75K, capacity 384K, committed 384K, reserved 1048576K

Card table byte_map: [0x0000000012040000,0x0000000012440000] byte_map_base: 0x0000000011c31000

Marking Bits: (ParMarkBitMap*) 0x000000005dcbf860
 Begin Bits: [0x0000000012af0000, 0x0000000014a78000)
 End Bits:   [0x0000000014a78000, 0x0000000016a00000)

Polling page: 0x0000000002a40000

CodeCache: size=245760Kb used=328Kb max_used=328Kb free=245431Kb
 bounds [0x0000000002c80000, 0x0000000002ef0000, 0x0000000011c80000]
 total_blobs=58 nmethods=0 adapters=38
 compilation: enabled

Compilation events (0 events):
No events

GC Heap History (0 events):
No events

Deoptimization events (0 events):
No events

Classes redefined (0 events):
No events

Internal exceptions (0 events):
No events

Events (10 events):
Event: 0.025 loading class java/lang/Short
Event: 0.025 loading class java/lang/Short done
Event: 0.025 loading class java/lang/Integer
Event: 0.025 loading class java/lang/Integer done
Event: 0.025 loading class java/lang/Long
Event: 0.025 loading class java/lang/Long done
Event: 0.026 loading class java/lang/NullPointerException
Event: 0.026 loading class java/lang/NullPointerException done
Event: 0.026 loading class java/lang/ArithmeticException
Event: 0.026 loading class java/lang/ArithmeticException done


Dynamic libraries:
0x00007ff62c850000 - 0x00007ff62c887000 	C:\Program Files\Java\jdk1.8.0_161\bin\java.exe
0x00007ff84c570000 - 0x00007ff84c751000 	C:\WINDOWS\SYSTEM32\ntdll.dll
0x00007ff84c480000 - 0x00007ff84c532000 	C:\WINDOWS\System32\KERNEL32.DLL
0x00007ff848b80000 - 0x00007ff848df3000 	C:\WINDOWS\System32\KERNELBASE.dll
0x00007ff84baa0000 - 0x00007ff84bb41000 	C:\WINDOWS\System32\ADVAPI32.dll
0x00007ff84ae50000 - 0x00007ff84aeee000 	C:\WINDOWS\System32\msvcrt.dll
0x00007ff84aff0000 - 0x00007ff84b04b000 	C:\WINDOWS\System32\sechost.dll
0x00007ff84b110000 - 0x00007ff84b234000 	C:\WINDOWS\System32\RPCRT4.dll
0x00007ff84c1e0000 - 0x00007ff84c370000 	C:\WINDOWS\System32\USER32.dll
0x00007ff848ae0000 - 0x00007ff848b00000 	C:\WINDOWS\System32\win32u.dll
0x00007ff84aef0000 - 0x00007ff84af18000 	C:\WINDOWS\System32\GDI32.dll
0x00007ff848940000 - 0x00007ff848ad2000 	C:\WINDOWS\System32\gdi32full.dll
0x00007ff849710000 - 0x00007ff8497af000 	C:\WINDOWS\System32\msvcp_win.dll
0x00007ff848f00000 - 0x00007ff848ff8000 	C:\WINDOWS\System32\ucrtbase.dll
0x00007ff83c530000 - 0x00007ff83c799000 	C:\WINDOWS\WinSxS\amd64_microsoft.windows.common-controls_6595b64144ccf1df_6.0.17134.648_none_fb45a0e93062a6d2\COMCTL32.dll
0x00007ff84b250000 - 0x00007ff84b572000 	C:\WINDOWS\System32\combase.dll
0x00007ff848b00000 - 0x00007ff848b7a000 	C:\WINDOWS\System32\bcryptPrimitives.dll
0x00007ff84c140000 - 0x00007ff84c16d000 	C:\WINDOWS\System32\IMM32.DLL
0x000000005ee80000 - 0x000000005ef52000 	C:\Program Files\Java\jdk1.8.0_161\jre\bin\msvcr100.dll
0x000000005d4a0000 - 0x000000005dd3f000 	C:\Program Files\Java\jdk1.8.0_161\jre\bin\server\jvm.dll
0x00007ff84c170000 - 0x00007ff84c178000 	C:\WINDOWS\System32\PSAPI.DLL
0x00007ff8375c0000 - 0x00007ff8375c9000 	C:\WINDOWS\SYSTEM32\WSOCK32.dll
0x00007ff83c7b0000 - 0x00007ff83c7ba000 	C:\WINDOWS\SYSTEM32\VERSION.dll
0x00007ff84b580000 - 0x00007ff84b5ec000 	C:\WINDOWS\System32\WS2_32.dll
0x00007ff846100000 - 0x00007ff846123000 	C:\WINDOWS\SYSTEM32\WINMM.dll
0x00007ff844cd0000 - 0x00007ff844cfa000 	C:\WINDOWS\SYSTEM32\winmmbase.dll
0x00007ff848e00000 - 0x00007ff848e49000 	C:\WINDOWS\System32\cfgmgr32.dll
0x000000005f240000 - 0x000000005f24f000 	C:\Program Files\Java\jdk1.8.0_161\jre\bin\verify.dll
0x000000005f210000 - 0x000000005f239000 	C:\Program Files\Java\jdk1.8.0_161\jre\bin\java.dll
0x000000005ee60000 - 0x000000005ee76000 	C:\Program Files\Java\jdk1.8.0_161\jre\bin\zip.dll

VM Arguments:
jvm_args: -Dfile.encoding=UTF-8 
java_command: calculadora.Main
java_class_path (initial): C:\Users\gabri\Documents\GitHub\Calculadora\build\classes
Launcher Type: SUN_STANDARD

Environment Variables:
PATH=C:\Program Files (x86)\Intel\iCLS Client\;C:\Program Files (x86)\Common Files\Oracle\Java\javapath;C:\ProgramData\Oracle\Java\javapath;C:\Program Files\Intel\iCLS Client\;C:\WINDOWS\system32;C:\WINDOWS;C:\WINDOWS\System32\Wbem;C:\WINDOWS\System32\WindowsPowerShell\v1.0\;C:\Program Files (x86)\Intel\Intel(R) Management Engine Components\DAL;C:\Program Files\Intel\Intel(R) Management Engine Components\DAL;C:\Program Files (x86)\Intel\Intel(R) Management Engine Components\IPT;C:\Program Files\Intel\Intel(R) Management Engine Components\IPT;C:\WINDOWS\System32\OpenSSH\;C:\Program Files\Git\cmd;C:\Users\gabri\AppData\Local\Microsoft\WindowsApps;
USERNAME=gabri
OS=Windows_NT
PROCESSOR_IDENTIFIER=Intel64 Family 6 Model 142 Stepping 9, GenuineIntel



---------------  S Y S T E M  ---------------

OS: Windows 10.0 , 64 bit Build 17134 (10.0.17134.648)

CPU:total 4 (initial active 4) (2 cores per cpu, 2 threads per core) family 6 model 142 stepping 9, cmov, cx8, fxsr, mmx, sse, sse2, sse3, ssse3, sse4.1, sse4.2, popcnt, avx, avx2, aes, clmul, erms, 3dnowpref, lzcnt, ht, tsc, tscinvbit, bmi1, bmi2, adx

Memory: 4k page, physical 8264312k(1041424k free), swap 8264312k(5976k free)

vm_info: Java HotSpot(TM) 64-Bit Server VM (25.161-b12) for windows-amd64 JRE (1.8.0_161-b12), built on Dec 19 2017 17:52:25 by "java_re" with MS VC++ 10.0 (VS2010)

time: Tue Apr 09 21:13:27 2019
elapsed time: 0 seconds (0d 0h 0m 0s)

